Using pre-set license
Built from '2020.3/staging' branch; Version is '2020.3.17f1 (a4537701e4ab) revision 10769271'; Using compiler version '192528614'; Build Type 'Release'
OS: 'Windows 10 Home; OS build 19043.1165; Version 2009; 64bit' Language: 'nl' Physical Memory: 16263 MB
BatchMode: 1, IsHumanControllingUs: 0, StartBugReporterOnCrash: 0, Is64bit: 1, IsPro: 0

COMMAND LINE ARGUMENTS:
C:\Program Files\Unity\Hub\Editor\2020.3.17f1\Editor\Unity.exe
-adb2
-batchMode
-noUpm
-name
AssetImportWorker0
-projectPath
D:/School/GameJamRood
-logFile
Logs/AssetImportWorker0.log
-srvPort
51292
Successfully changed project path to: D:/School/GameJamRood
D:/School/GameJamRood
Using Asset Import Pipeline V2.
Refreshing native plugins compatible for Editor in 26.67 ms, found 2 plugins.
Preloading 0 native plugins for Editor in 0.00 ms.
Initialize engine version: 2020.3.17f1 (a4537701e4ab)
[Subsystems] Discovering subsystems at path C:/Program Files/Unity/Hub/Editor/2020.3.17f1/Editor/Data/Resources/UnitySubsystems
[Subsystems] Discovering subsystems at path D:/School/GameJamRood/Assets
GfxDevice: creating device client; threaded=0
Direct3D:
    Version:  Direct3D 11.0 [level 11.1]
    Renderer: NVIDIA GeForce GTX 1650 (ID=0x1f91)
    Vendor:   
    VRAM:     3962 MB
    Driver:   30.0.14.7141
Initialize mono
Mono path[0] = 'C:/Program Files/Unity/Hub/Editor/2020.3.17f1/Editor/Data/Managed'
Mono path[1] = 'C:/Program Files/Unity/Hub/Editor/2020.3.17f1/Editor/Data/MonoBleedingEdge/lib/mono/unityjit'
Mono config path = 'C:/Program Files/Unity/Hub/Editor/2020.3.17f1/Editor/Data/MonoBleedingEdge/etc'
Using monoOptions --debugger-agent=transport=dt_socket,embedding=1,server=y,suspend=n,address=127.0.0.1:56076
Begin MonoManager ReloadAssembly
Registering precompiled unity dll's ...
Register platform support module: C:/Program Files/Unity/Hub/Editor/2020.3.17f1/Editor/Data/PlaybackEngines/WebGLSupport/UnityEditor.WebGL.Extensions.dll
Register platform support module: C:/Program Files/Unity/Hub/Editor/2020.3.17f1/Editor/Data/PlaybackEngines/MacStandaloneSupport/UnityEditor.OSXStandalone.Extensions.dll
Register platform support module: C:/Program Files/Unity/Hub/Editor/2020.3.17f1/Editor/Data/PlaybackEngines/WindowsStandaloneSupport/UnityEditor.WindowsStandalone.Extensions.dll
Register platform support module: C:/Program Files/Unity/Hub/Editor/2020.3.17f1/Editor/Data/PlaybackEngines/LinuxStandaloneSupport/UnityEditor.LinuxStandalone.Extensions.dll
Register platform support module: C:/Program Files/Unity/Hub/Editor/2020.3.17f1/Editor/Data/PlaybackEngines/LuminSupport/UnityEditor.Lumin.Extensions.dll
Registered in 0.003445 seconds.
Native extension for Lumin target not found
Native extension for LinuxStandalone target not found
Native extension for WindowsStandalone target not found
Native extension for OSXStandalone target not found
Native extension for WebGL target not found
Refreshing native plugins compatible for Editor in 25.26 ms, found 2 plugins.
Preloading 0 native plugins for Editor in 0.00 ms.
Mono: successfully reloaded assembly
- Completed reload, in  1.924 seconds
Domain Reload Profiling:
	ReloadAssembly (1924ms)
		BeginReloadAssembly (52ms)
			ExecutionOrderSort (0ms)
			DisableScriptedObjects (0ms)
			BackupInstance (0ms)
			ReleaseScriptingObjects (0ms)
			CreateAndSetChildDomain (1ms)
		EndReloadAssembly (372ms)
			LoadAssemblies (50ms)
			RebuildTransferFunctionScriptingTraits (0ms)
			SetupTypeCache (141ms)
			ReleaseScriptCaches (0ms)
			RebuildScriptCaches (29ms)
			SetupLoadedEditorAssemblies (141ms)
				LogAssemblyErrors (0ms)
				InitializePlatformSupportModulesInManaged (6ms)
				SetLoadedEditorAssemblies (0ms)
				RefreshPlugins (25ms)
				BeforeProcessingInitializeOnLoad (14ms)
				ProcessInitializeOnLoadAttributes (68ms)
				ProcessInitializeOnLoadMethodAttributes (26ms)
				AfterProcessingInitializeOnLoad (0ms)
				EditorAssembliesLoaded (0ms)
			ExecutionOrderSort2 (0ms)
			AwakeInstancesAfterBackupRestoration (0ms)
Platform modules already initialized, skipping
Registering precompiled user dll's ...
Registered in 0.003324 seconds.
Begin MonoManager ReloadAssembly
Native extension for Lumin target not found
Native extension for LinuxStandalone target not found
Native extension for WindowsStandalone target not found
Native extension for OSXStandalone target not found
Native extension for WebGL target not found
Refreshing native plugins compatible for Editor in 0.28 ms, found 2 plugins.
Preloading 0 native plugins for Editor in 0.00 ms.
Mono: successfully reloaded assembly
- Completed reload, in  1.108 seconds
Domain Reload Profiling:
	ReloadAssembly (1108ms)
		BeginReloadAssembly (129ms)
			ExecutionOrderSort (0ms)
			DisableScriptedObjects (4ms)
			BackupInstance (0ms)
			ReleaseScriptingObjects (0ms)
			CreateAndSetChildDomain (17ms)
		EndReloadAssembly (922ms)
			LoadAssemblies (79ms)
			RebuildTransferFunctionScriptingTraits (0ms)
			SetupTypeCache (242ms)
			ReleaseScriptCaches (0ms)
			RebuildScriptCaches (36ms)
			SetupLoadedEditorAssemblies (473ms)
				LogAssemblyErrors (0ms)
				InitializePlatformSupportModulesInManaged (7ms)
				SetLoadedEditorAssemblies (0ms)
				RefreshPlugins (0ms)
				BeforeProcessingInitializeOnLoad (66ms)
				ProcessInitializeOnLoadAttributes (390ms)
				ProcessInitializeOnLoadMethodAttributes (3ms)
				AfterProcessingInitializeOnLoad (6ms)
				EditorAssembliesLoaded (0ms)
			ExecutionOrderSort2 (0ms)
			AwakeInstancesAfterBackupRestoration (6ms)
Platform modules already initialized, skipping
========================================================================
Worker process is ready to serve import requests
Launched and connected shader compiler UnityShaderCompiler.exe after 0.06 seconds
Refreshing native plugins compatible for Editor in 0.28 ms, found 2 plugins.
Preloading 0 native plugins for Editor in 0.00 ms.
Unloading 1399 Unused Serialized files (Serialized files now loaded: 0)
System memory in use before: 65.0 MB.
System memory in use after: 65.1 MB.

Unloading 18 unused Assets to reduce memory usage. Loaded Objects now: 1832.
Total: 2.704000 ms (FindLiveObjects: 0.140900 ms CreateObjectMapping: 0.038000 ms MarkObjects: 2.470300 ms  DeleteObjects: 0.053900 ms)

AssetImportParameters requested are different than current active one (requested -> active):
  custom:framework-win-MediaFoundation: 216162199b28c13a410421893ffa2e32 -> 
  custom:video-decoder-ogg-theora: a1e56fd34408186e4bbccfd4996cb3dc -> 
  custom:container-muxer-webm: aa71ff27fc2769a1b78a27578f13a17b -> 
  custom:container-demuxer-webm: 4f35f7cbe854078d1ac9338744f61a02 -> 
  custom:container-demuxer-ogg: 62fdf1f143b41e24485cea50d1cbac27 -> 
  custom:video-encoder-webm-vp8: eb34c28f22e8b96e1ab97ce403110664 -> 
  custom:video-decoder-webm-vp8: 9c59270c3fd7afecdb556c50c9e8de78 -> 
  custom:audio-decoder-ogg-vorbis: bf7c407c2cedff20999df2af8eb42d56 -> 
  custom:audio-encoder-webm-vorbis: bf7c407c2cedff20999df2af8eb42d56 -> 
========================================================================
Received Import Request.
  path: Assets/Prefabs/marco.obj
  artifactKey: Guid(66473e1ea6038b64594d3d828492ca6b) Importer(815301076,1909f56bfc062723c751e8b465ee728b)
Start importing Assets/Prefabs/marco.obj using Guid(66473e1ea6038b64594d3d828492ca6b) Importer(815301076,1909f56bfc062723c751e8b465ee728b)  -> (artifact id: 'ec96bce1df9bafb3f4bc8005fa045718') in 0.142278 seconds 
  Import took 0.144391 seconds .

========================================================================
Received Import Request.
  Time since last request: 0.000286 seconds.
  path: Assets/Prefabs/kikker stil.obj
  artifactKey: Guid(fe1861e9042c9134d8045ed9277b19e5) Importer(815301076,1909f56bfc062723c751e8b465ee728b)
Start importing Assets/Prefabs/kikker stil.obj using Guid(fe1861e9042c9134d8045ed9277b19e5) Importer(815301076,1909f56bfc062723c751e8b465ee728b)  -> (artifact id: '4141859ea97962de03ae6fc77eaf1dcf') in 0.051467 seconds 
  Import took 0.053710 seconds .

========================================================================
Received Import Request.
  Time since last request: 0.000296 seconds.
  path: Assets/Prefabs/pilaar.obj
  artifactKey: Guid(c648b1a7fad42ff49a90456a9b3a9d5f) Importer(815301076,1909f56bfc062723c751e8b465ee728b)
Start importing Assets/Prefabs/pilaar.obj using Guid(c648b1a7fad42ff49a90456a9b3a9d5f) Importer(815301076,1909f56bfc062723c751e8b465ee728b)  -> (artifact id: '36f5fa97b0a776e5eca5d2c127009c86') in 0.148352 seconds 
  Import took 0.150700 seconds .

========================================================================
Received Import Request.
  Time since last request: 0.000240 seconds.
  path: Assets/Prefabs/kikker spring.obj
  artifactKey: Guid(99e72017ee7b1d344a00ae1fd66d10d8) Importer(815301076,1909f56bfc062723c751e8b465ee728b)
Start importing Assets/Prefabs/kikker spring.obj using Guid(99e72017ee7b1d344a00ae1fd66d10d8) Importer(815301076,1909f56bfc062723c751e8b465ee728b)  -> (artifact id: '8dca63127e5ae63f047ad1f67dd16b99') in 0.032559 seconds 
  Import took 0.034577 seconds .

========================================================================
Received Import Request.
  Time since last request: 37.005573 seconds.
  path: Assets/Prefabs/kikker spring.mtl
  artifactKey: Guid(4ad9fef2817812349ad532c34fe50247) Importer(815301076,1909f56bfc062723c751e8b465ee728b)
Start importing Assets/Prefabs/kikker spring.mtl using Guid(4ad9fef2817812349ad532c34fe50247) Importer(815301076,1909f56bfc062723c751e8b465ee728b)  -> (artifact id: '7da19d03c1dad214eab7356223377d1c') in 0.004213 seconds 
  Import took 0.006320 seconds .

========================================================================
Received Import Request.
  Time since last request: 0.008452 seconds.
  path: Assets/Prefabs/kikker spring.mtl
  artifactKey: Guid(4ad9fef2817812349ad532c34fe50247) Importer(815301076,1909f56bfc062723c751e8b465ee728b)
Start importing Assets/Prefabs/kikker spring.mtl using Guid(4ad9fef2817812349ad532c34fe50247) Importer(815301076,1909f56bfc062723c751e8b465ee728b)  -> (artifact id: '7da19d03c1dad214eab7356223377d1c') in 0.002568 seconds 
  Import took 0.005197 seconds .

========================================================================
Received Import Request.
  Time since last request: 41.453600 seconds.
  path: Assets/Models/Building.fbx
  artifactKey: Guid(2882446771f926044a92d7a6b20c40d6) Importer(815301076,1909f56bfc062723c751e8b465ee728b)
Start importing Assets/Models/Building.fbx using Guid(2882446771f926044a92d7a6b20c40d6) Importer(815301076,1909f56bfc062723c751e8b465ee728b)  -> (artifact id: 'd397b37f83ce6f705fd80d68a88eb78f') in 0.321742 seconds 
  Import took 0.325034 seconds .

========================================================================
Received Import Request.
  Time since last request: 0.000272 seconds.
  path: Assets/Models/Floor.fbx
  artifactKey: Guid(0ba5f812cc7e35f4e83e06750c6683e9) Importer(815301076,1909f56bfc062723c751e8b465ee728b)
Start importing Assets/Models/Floor.fbx using Guid(0ba5f812cc7e35f4e83e06750c6683e9) Importer(815301076,1909f56bfc062723c751e8b465ee728b)  -> (artifact id: 'bb22340063f54face33dbab0b7e21f4b') in 0.036645 seconds 
  Import took 0.038738 seconds .

========================================================================
Received Import Request.
  Time since last request: 0.000459 seconds.
  path: Assets/Models/grass.fbx
  artifactKey: Guid(d80f971377d7c4448b235d6c2cfa075d) Importer(815301076,1909f56bfc062723c751e8b465ee728b)
Start importing Assets/Models/grass.fbx using Guid(d80f971377d7c4448b235d6c2cfa075d) Importer(815301076,1909f56bfc062723c751e8b465ee728b)  -> (artifact id: '9b50ecdba83f924b31868c47285405b3') in 0.034419 seconds 
  Import took 0.036561 seconds .

========================================================================
Received Import Request.
  Time since last request: 0.000243 seconds.
  path: Assets/Models/Water.fbx
  artifactKey: Guid(8b82699b999753c41bc08eecbdf10e22) Importer(815301076,1909f56bfc062723c751e8b465ee728b)
Start importing Assets/Models/Water.fbx using Guid(8b82699b999753c41bc08eecbdf10e22) Importer(815301076,1909f56bfc062723c751e8b465ee728b)  -> (artifact id: 'a46e2baed816ec6ca3e9057eea47d7b9') in 0.037225 seconds 
  Import took 0.040673 seconds .

========================================================================
Received Import Request.
  Time since last request: 0.000280 seconds.
  path: Assets/Mat/Marco.mat
  artifactKey: Guid(fb29373c51aa50e4e8108d19bf1cecd3) Importer(815301076,1909f56bfc062723c751e8b465ee728b)
Start importing Assets/Mat/Marco.mat using Guid(fb29373c51aa50e4e8108d19bf1cecd3) Importer(815301076,1909f56bfc062723c751e8b465ee728b)  -> (artifact id: '6271b57fcf49fd7b93198fad309e0af4') in 0.020825 seconds 
  Import took 0.022811 seconds .

========================================================================
Received Import Request.
  Time since last request: 0.000283 seconds.
  path: Assets/Mat/Floor 1.mat
  artifactKey: Guid(4d09203757209fc449ff2ba717bfab7b) Importer(815301076,1909f56bfc062723c751e8b465ee728b)
Start importing Assets/Mat/Floor 1.mat using Guid(4d09203757209fc449ff2ba717bfab7b) Importer(815301076,1909f56bfc062723c751e8b465ee728b)  -> (artifact id: '1b16f13548a50fbfb487becaf3192b33') in 0.012622 seconds 
  Import took 0.015263 seconds .

========================================================================
Received Import Request.
  Time since last request: 0.000448 seconds.
  path: Assets/Mat/Floor.mat
  artifactKey: Guid(611b66e722256744bb2ef62eb8165aaa) Importer(815301076,1909f56bfc062723c751e8b465ee728b)
Start importing Assets/Mat/Floor.mat using Guid(611b66e722256744bb2ef62eb8165aaa) Importer(815301076,1909f56bfc062723c751e8b465ee728b)  -> (artifact id: 'bdbda52598629c2126fb9a78b372679b') in 0.025059 seconds 
  Import took 0.027393 seconds .

========================================================================
Received Import Request.
  Time since last request: 0.000245 seconds.
  path: Assets/Mat/Kikker.mat
  artifactKey: Guid(8bb3278f259438a42b663d510be233ee) Importer(815301076,1909f56bfc062723c751e8b465ee728b)
Start importing Assets/Mat/Kikker.mat using Guid(8bb3278f259438a42b663d510be233ee) Importer(815301076,1909f56bfc062723c751e8b465ee728b)  -> (artifact id: '263bc946654391717b025c524294d69d') in 0.013753 seconds 
  Import took 0.015762 seconds .

========================================================================
Received Import Request.
  Time since last request: 0.000249 seconds.
  path: Assets/Models/Island.fbx
  artifactKey: Guid(5554b9a292983e142b45ead874712c55) Importer(815301076,1909f56bfc062723c751e8b465ee728b)
Start importing Assets/Models/Island.fbx using Guid(5554b9a292983e142b45ead874712c55) Importer(815301076,1909f56bfc062723c751e8b465ee728b)  -> (artifact id: '056641760a1e185c84de93e138df11d8') in 0.030961 seconds 
  Import took 0.033570 seconds .

AssetImportWorkerClient::OnTransportError - code=2 error=End of file
